<?xml version="1.0" encoding="UTF-8"?>
<testsuite xmlns:xsi="http://www.w3.org/2001/XMLSchema-instance" xsi:noNamespaceSchemaLocation="https://maven.apache.org/surefire/maven-surefire-plugin/xsd/surefire-test-report.xsd" version="3.0.2" name="org.example.tliaswebmanagement.TliasWebManagenentApplicationTests" time="9.184" tests="1" errors="0" skipped="0" failures="0">
  <properties>
[...]
</properties>
  <testcase name="contextLoads" classname="org.example.tliaswebmanagement.TliasWebManagenentApplicationTests" time="2.009">
    <system-out><![CDATA[2025-06-03 03:09:45.861 [main] INFO  o.s.t.c.support.AnnotationConfigContextLoaderUtils-Could not detect default configuration classes for test class [org.example.tliaswebmanagement.TliasWebManagenentApplicationTests]: TliasWebManagenentApplicationTests does not declare any static, non-private, non-final, nested classes annotated with @Configuration.
2025-06-03 03:09:46.091 [main] INFO  o.s.b.t.context.SpringBootTestContextBootstrapper-Found @SpringBootConfiguration org.example.tliaswebmanagement.TliasWebManagenentApplication for test class org.example.tliaswebmanagement.TliasWebManagenentApplicationTests

  .   ____          _            __ _ _
 /\\ / ___'_ __ _ _(_)_ __  __ _ \ \ \ \
( ( )\___ | '_ | '_| | '_ \/ _` | \ \ \ \
 \\/  ___)| |_)| | | | | || (_| |  ) ) ) )
  '  |____| .__|_| |_|_| |_\__, | / / / /
 =========|_|==============|___/=/_/_/_/

 :: Spring Boot ::                (v3.4.5)

2025-06-03 03:09:46.978 [main] INFO  o.e.t.TliasWebManagenentApplicationTests-Starting TliasWebManagenentApplicationTests using Java 17.0.15 with PID 45652 (started by Ldf23 in C:\Users\Ldf23\Desktop\JavaWeb-Ai\tlias-web-managenent)
2025-06-03 03:09:46.980 [main] INFO  o.e.t.TliasWebManagenentApplicationTests-No active profile set, falling back to 1 default profile: "default"
Logging initialized using 'class org.apache.ibatis.logging.stdout.StdOutImpl' adapter.
2025-06-03 03:09:52.361 [main] INFO  o.s.b.actuate.endpoint.web.EndpointLinksResolver-Exposing 1 endpoint beneath base path '/actuator'
2025-06-03 03:09:52.617 [main] INFO  o.e.t.TliasWebManagenentApplicationTests-Started TliasWebManagenentApplicationTests in 6.279 seconds (process running for 8.318)
]]></system-out>
  </testcase>
</testsuite>